{"level":"info","message":"Connected to mongodb...","timestamp":"2024-05-30T01:01:09.631Z"}
{"level":"info","message":"Connected to mongodb...","timestamp":"2024-05-30T01:04:02.138Z"}
{"level":"info","message":"Connected to mongodb...","timestamp":"2024-05-30T01:04:41.505Z"}
{"level":"info","message":"Connected to mongodb...","timestamp":"2024-05-30T01:06:02.304Z"}
{"level":"info","message":"Connected to mongodb...","timestamp":"2024-05-30T01:07:22.172Z"}
{"level":"info","message":"Connected to mongodb...","timestamp":"2024-05-30T01:07:43.123Z"}
{"level":"info","message":"Connected to mongodb...","timestamp":"2024-05-30T01:10:10.723Z"}
{"level":"info","message":"Connected to mongodb...","timestamp":"2024-05-30T01:10:57.370Z"}
{"level":"info","message":"Connected to mongodb...","timestamp":"2024-05-30T01:11:02.227Z"}
{"level":"info","message":"Connected to mongodb...","timestamp":"2024-05-30T01:11:44.935Z"}
{"level":"info","message":"Connected to mongodb...","timestamp":"2024-05-30T01:11:56.312Z"}
{"level":"info","message":"Connected to mongodb...","timestamp":"2024-05-30T01:12:24.494Z"}
{"level":"info","message":"Connected to mongodb...","timestamp":"2024-05-30T01:12:36.816Z"}
{"level":"info","message":"App is listening on port 3000","timestamp":"2024-06-14T01:02:15.307Z"}
{"level":"info","message":"Connected to mongodb://localhost/munchieMaster...","timestamp":"2024-06-14T01:02:15.322Z"}
{"level":"info","message":"App is listening on port 3000","timestamp":"2024-06-14T01:38:27.833Z"}
{"level":"info","message":"Connected to mongodb://localhost/munchieMaster_test...","timestamp":"2024-06-14T01:38:27.854Z"}
{"level":"info","message":"App is listening on port 3000","timestamp":"2024-06-14T01:38:50.517Z"}
{"level":"info","message":"Connected to mongodb://localhost/munchieMaster_test...","timestamp":"2024-06-14T01:38:50.528Z"}
{"level":"info","message":"App is listening on port 3000","timestamp":"2024-06-14T01:40:01.428Z"}
{"level":"info","message":"Connected to mongodb://localhost/munchieMaster_test...","timestamp":"2024-06-14T01:40:01.440Z"}
{"level":"info","message":"App is listening on port 3000","timestamp":"2024-06-14T01:47:56.037Z"}
{"level":"info","message":"Connected to mongodb://localhost/munchieMaster_test...","timestamp":"2024-06-14T01:47:56.049Z"}
{"level":"info","message":"App is listening on port 3000","timestamp":"2024-06-14T01:48:46.086Z"}
{"level":"info","message":"Connected to mongodb://localhost/munchieMaster_test...","timestamp":"2024-06-14T01:48:46.097Z"}
{"level":"info","message":"App is listening on port 3000","timestamp":"2024-06-14T01:59:05.590Z"}
{"level":"info","message":"Connected to mongodb://localhost/munchieMaster_test...","timestamp":"2024-06-14T01:59:05.620Z"}
{"level":"info","message":"App is listening on port 3000","timestamp":"2024-06-14T01:59:59.102Z"}
{"level":"info","message":"Connected to mongodb://localhost/munchieMaster_test...","timestamp":"2024-06-14T01:59:59.123Z"}
{"level":"info","message":"App is listening on port 3000","timestamp":"2024-06-14T02:02:14.542Z"}
{"level":"info","message":"Connected to mongodb://localhost/munchieMaster_test...","timestamp":"2024-06-14T02:02:14.550Z"}
{"level":"info","message":"App is listening on port 3000","timestamp":"2024-06-14T02:02:38.537Z"}
{"level":"info","message":"Connected to mongodb://localhost/munchieMaster_test...","timestamp":"2024-06-14T02:02:38.554Z"}
{"level":"info","message":"App is listening on port 3000","timestamp":"2024-06-14T02:25:43.771Z"}
{"level":"info","message":"Connected to mongodb://localhost/munchieMaster_test...","timestamp":"2024-06-14T02:25:43.778Z"}
{"level":"info","message":"App is listening on port 3000","timestamp":"2024-06-14T02:26:29.869Z"}
{"level":"info","message":"Connected to mongodb://localhost/munchieMaster_test...","timestamp":"2024-06-14T02:26:29.894Z"}
{"level":"info","message":"App is listening on port 3000","timestamp":"2024-06-14T02:28:42.314Z"}
{"level":"info","message":"Connected to mongodb://localhost/munchieMaster_test...","timestamp":"2024-06-14T02:28:42.330Z"}
{"level":"info","message":"App is listening on port 3000","timestamp":"2024-06-14T02:28:47.833Z"}
{"level":"info","message":"Connected to mongodb://localhost/munchieMaster_test...","timestamp":"2024-06-14T02:28:47.841Z"}
{"level":"info","message":"App is listening on port 3000","timestamp":"2024-06-14T02:30:10.061Z"}
{"level":"info","message":"Connected to mongodb://localhost/munchieMaster_test...","timestamp":"2024-06-14T02:30:10.080Z"}
{"level":"info","message":"App is listening on port 3000","timestamp":"2024-06-14T02:30:27.709Z"}
{"level":"info","message":"Connected to mongodb://localhost/munchieMaster_test...","timestamp":"2024-06-14T02:30:27.716Z"}
{"level":"info","message":"App is listening on port 3000","timestamp":"2024-06-14T02:32:49.999Z"}
{"level":"info","message":"Connected to mongodb://localhost/munchieMaster_test...","timestamp":"2024-06-14T02:32:50.017Z"}
{"level":"info","message":"App is listening on port 3000","timestamp":"2024-06-14T02:33:02.145Z"}
{"level":"info","message":"Connected to mongodb://localhost/munchieMaster_test...","timestamp":"2024-06-14T02:33:02.163Z"}
{"level":"info","message":"App is listening on port 3000","timestamp":"2024-06-14T02:33:17.074Z"}
{"level":"info","message":"Connected to mongodb://localhost/munchieMaster_test...","timestamp":"2024-06-14T02:33:17.082Z"}
{"level":"info","message":"App is listening on port 3000","timestamp":"2024-06-14T02:34:37.826Z"}
{"level":"info","message":"Connected to mongodb://localhost/munchieMaster_test...","timestamp":"2024-06-14T02:34:37.834Z"}
{"level":"info","message":"App is listening on port 3000","timestamp":"2024-06-14T02:36:50.533Z"}
{"level":"info","message":"Connected to mongodb://localhost/munchieMaster_test...","timestamp":"2024-06-14T02:36:50.540Z"}
{"level":"info","message":"App is listening on port 3000","timestamp":"2024-06-14T02:39:08.959Z"}
{"level":"info","message":"Connected to mongodb://localhost/munchieMaster_test...","timestamp":"2024-06-14T02:39:08.966Z"}
{"level":"info","message":"App is listening on port 3000","timestamp":"2024-06-14T02:39:18.982Z"}
{"level":"info","message":"Connected to mongodb://localhost/munchieMaster_test...","timestamp":"2024-06-14T02:39:18.989Z"}
{"level":"info","message":"App is listening on port 3000","timestamp":"2024-06-14T02:39:28.403Z"}
{"level":"info","message":"Connected to mongodb://localhost/munchieMaster_test...","timestamp":"2024-06-14T02:39:28.417Z"}
{"level":"info","message":"App is listening on port 3000","timestamp":"2024-06-14T02:41:40.888Z"}
{"level":"info","message":"Connected to mongodb://localhost/munchieMaster_test...","timestamp":"2024-06-14T02:41:40.899Z"}
{"level":"info","message":"App is listening on port 3000","timestamp":"2024-06-14T02:42:03.876Z"}
{"level":"info","message":"Connected to mongodb://localhost/munchieMaster_test...","timestamp":"2024-06-14T02:42:03.890Z"}
{"level":"info","message":"App is listening on port 3000","timestamp":"2024-06-14T02:52:38.421Z"}
{"level":"info","message":"Connected to mongodb://localhost/munchieMaster_test...","timestamp":"2024-06-14T02:52:38.434Z"}
{"level":"info","message":"App is listening on port 3000","timestamp":"2024-06-14T02:55:17.204Z"}
{"level":"info","message":"Connected to mongodb://localhost/munchieMaster_test...","timestamp":"2024-06-14T02:55:17.218Z"}
{"level":"info","message":"App is listening on port 3000","timestamp":"2024-06-14T02:55:51.756Z"}
{"level":"info","message":"Connected to mongodb://localhost/munchieMaster_test...","timestamp":"2024-06-14T02:55:51.766Z"}
{"level":"info","message":"App is listening on port 3000","timestamp":"2024-06-15T00:45:24.032Z"}
{"level":"info","message":"Connected to mongodb://localhost/munchieMaster_test...","timestamp":"2024-06-15T00:45:24.045Z"}
{"level":"info","message":"App is listening on port 3000","timestamp":"2024-06-15T00:46:56.015Z"}
{"level":"info","message":"Connected to mongodb://localhost/munchieMaster_test...","timestamp":"2024-06-15T00:46:56.039Z"}
{"level":"info","message":"App is listening on port 3000","timestamp":"2024-06-15T00:47:16.456Z"}
{"level":"info","message":"Connected to mongodb://localhost/munchieMaster_test...","timestamp":"2024-06-15T00:47:16.470Z"}
{"level":"info","message":"App is listening on port 3000","timestamp":"2024-06-15T00:49:55.995Z"}
{"level":"info","message":"Connected to mongodb://localhost/munchieMaster_test...","timestamp":"2024-06-15T00:49:56.006Z"}
{"level":"info","message":"App is listening on port 3000","timestamp":"2024-06-15T01:00:35.976Z"}
{"level":"info","message":"Connected to mongodb://localhost/munchieMaster_test...","timestamp":"2024-06-15T01:00:35.989Z"}
{"level":"info","message":"App is listening on port 3000","timestamp":"2024-06-15T01:01:11.906Z"}
{"level":"info","message":"Connected to mongodb://localhost/munchieMaster_test...","timestamp":"2024-06-15T01:01:11.918Z"}
{"level":"info","message":"App is listening on port 3000","timestamp":"2024-06-15T01:01:24.709Z"}
{"level":"info","message":"Connected to mongodb://localhost/munchieMaster_test...","timestamp":"2024-06-15T01:01:24.725Z"}
{"level":"info","message":"App is listening on port 3000","timestamp":"2024-06-15T01:02:56.619Z"}
{"level":"info","message":"Connected to mongodb://localhost/munchieMaster_test...","timestamp":"2024-06-15T01:02:56.635Z"}
{"level":"info","message":"App is listening on port 3000","timestamp":"2024-06-15T01:05:01.709Z"}
{"level":"info","message":"Connected to mongodb://localhost/munchieMaster_test...","timestamp":"2024-06-15T01:05:01.724Z"}
{"level":"info","message":"App is listening on port 3000","timestamp":"2024-06-15T01:06:22.850Z"}
{"level":"info","message":"Connected to mongodb://localhost/munchieMaster_test...","timestamp":"2024-06-15T01:06:22.868Z"}
{"level":"info","message":"App is listening on port 3000","timestamp":"2024-06-15T01:08:18.774Z"}
{"level":"info","message":"Connected to mongodb://localhost/munchieMaster_test...","timestamp":"2024-06-15T01:08:18.785Z"}
{"level":"info","message":"App is listening on port 3000","timestamp":"2024-06-15T01:13:44.946Z"}
{"level":"info","message":"Connected to mongodb://localhost/munchieMaster_test...","timestamp":"2024-06-15T01:13:44.961Z"}
{"level":"info","message":"App is listening on port 3000","timestamp":"2024-06-15T01:16:05.190Z"}
{"level":"info","message":"Connected to mongodb://localhost/munchieMaster_test...","timestamp":"2024-06-15T01:16:05.204Z"}
{"level":"info","message":"App is listening on port 3000","timestamp":"2024-06-15T01:16:30.271Z"}
{"level":"info","message":"Connected to mongodb://localhost/munchieMaster_test...","timestamp":"2024-06-15T01:16:30.289Z"}
{"level":"info","message":"App is listening on port 3000","timestamp":"2024-06-15T01:17:09.405Z"}
{"level":"info","message":"Connected to mongodb://localhost/munchieMaster_test...","timestamp":"2024-06-15T01:17:09.419Z"}
{"level":"info","message":"App is listening on port 3000","timestamp":"2024-06-15T01:22:30.535Z"}
{"level":"info","message":"Connected to mongodb://localhost/munchieMaster...","timestamp":"2024-06-15T01:22:30.544Z"}
{"message":"Cast to ObjectId failed for value \" 666cedf9703065e51b049945\" (type string) at path \"_id\" for model \"Recipe\"","stack":"CastError: Cast to ObjectId failed for value \" 666cedf9703065e51b049945\" (type string) at path \"_id\" for model \"Recipe\"\n    at SchemaObjectId.cast (/Users/elimo/projects/munchieMaster/node_modules/mongoose/lib/schema/objectId.js:250:11)\n    at SchemaObjectId.SchemaType.applySetters (/Users/elimo/projects/munchieMaster/node_modules/mongoose/lib/schemaType.js:1236:12)\n    at SchemaObjectId.SchemaType.castForQuery (/Users/elimo/projects/munchieMaster/node_modules/mongoose/lib/schemaType.js:1653:17)\n    at cast (/Users/elimo/projects/munchieMaster/node_modules/mongoose/lib/cast.js:375:32)\n    at model.Query.Query.cast (/Users/elimo/projects/munchieMaster/node_modules/mongoose/lib/query.js:4785:12)\n    at model.Query.Query._castConditions (/Users/elimo/projects/munchieMaster/node_modules/mongoose/lib/query.js:2199:10)\n    at model.Query._findOne (/Users/elimo/projects/munchieMaster/node_modules/mongoose/lib/query.js:2513:8)\n    at model.Query.exec (/Users/elimo/projects/munchieMaster/node_modules/mongoose/lib/query.js:4329:80)\n    at processTicksAndRejections (node:internal/process/task_queues:96:5)\n    at async /Users/elimo/projects/munchieMaster/routes/recipes.js:59:20","stringValue":"\" 666cedf9703065e51b049945\"","kind":"ObjectId","value":" 666cedf9703065e51b049945","path":"_id","reason":{},"valueType":"string","level":"error","timestamp":"2024-06-15T01:28:11.556Z"}
{"level":"info","message":"App is listening on port 3000","timestamp":"2024-06-15T01:29:45.136Z"}
{"level":"info","message":"Connected to mongodb://localhost/munchieMaster...","timestamp":"2024-06-15T01:29:45.145Z"}
{"level":"info","message":"App is listening on port 3000","timestamp":"2024-06-15T01:29:56.694Z"}
{"level":"info","message":"Connected to mongodb://localhost/munchieMaster_test...","timestamp":"2024-06-15T01:29:56.710Z"}
{"level":"info","message":"App is listening on port 3000","timestamp":"2024-06-15T01:33:15.895Z"}
{"level":"info","message":"Connected to mongodb://localhost/munchieMaster_test...","timestamp":"2024-06-15T01:33:15.906Z"}
{"level":"info","message":"App is listening on port 3000","timestamp":"2024-06-15T01:36:50.875Z"}
{"level":"info","message":"Connected to mongodb://localhost/munchieMaster_test...","timestamp":"2024-06-15T01:36:50.897Z"}
{"level":"info","message":"App is listening on port 3000","timestamp":"2024-06-15T01:37:03.648Z"}
{"level":"info","message":"Connected to mongodb://localhost/munchieMaster_test...","timestamp":"2024-06-15T01:37:03.659Z"}
{"level":"info","message":"App is listening on port 3000","timestamp":"2024-06-15T01:37:53.592Z"}
{"level":"info","message":"Connected to mongodb://localhost/munchieMaster_test...","timestamp":"2024-06-15T01:37:53.604Z"}
{"level":"info","message":"App is listening on port 3000","timestamp":"2024-06-15T01:39:58.716Z"}
{"level":"info","message":"Connected to mongodb://localhost/munchieMaster_test...","timestamp":"2024-06-15T01:39:58.728Z"}
{"level":"info","message":"App is listening on port 3000","timestamp":"2024-06-15T01:41:08.690Z"}
{"level":"info","message":"Connected to mongodb://localhost/munchieMaster_test...","timestamp":"2024-06-15T01:41:08.711Z"}
{"level":"info","message":"App is listening on port 3000","timestamp":"2024-06-15T01:44:13.304Z"}
{"level":"info","message":"Connected to mongodb://localhost/munchieMaster_test...","timestamp":"2024-06-15T01:44:13.327Z"}
{"message":"Cast to ObjectId failed for value \"1\" (type string) at path \"_id\" for model \"Recipe\"","stack":"CastError: Cast to ObjectId failed for value \"1\" (type string) at path \"_id\" for model \"Recipe\"\n    at SchemaObjectId.Object.<anonymous>.SchemaObjectId.cast (/Users/elimo/projects/munchieMaster/node_modules/mongoose/lib/schema/objectId.js:250:11)\n    at SchemaObjectId.Object.<anonymous>.SchemaType.applySetters (/Users/elimo/projects/munchieMaster/node_modules/mongoose/lib/schemaType.js:1236:12)\n    at SchemaObjectId.Object.<anonymous>.SchemaType.castForQuery (/Users/elimo/projects/munchieMaster/node_modules/mongoose/lib/schemaType.js:1653:17)\n    at cast (/Users/elimo/projects/munchieMaster/node_modules/mongoose/lib/cast.js:375:32)\n    at model.Query.Object.<anonymous>.Query.cast (/Users/elimo/projects/munchieMaster/node_modules/mongoose/lib/query.js:4785:12)\n    at model.Query.Object.<anonymous>.Query._castConditions (/Users/elimo/projects/munchieMaster/node_modules/mongoose/lib/query.js:2199:10)\n    at model.Query._findOne (/Users/elimo/projects/munchieMaster/node_modules/mongoose/lib/query.js:2513:8)\n    at model.Query.exec (/Users/elimo/projects/munchieMaster/node_modules/mongoose/lib/query.js:4329:80)\n    at runMicrotasks (<anonymous>)\n    at processTicksAndRejections (node:internal/process/task_queues:96:5)\n    at /Users/elimo/projects/munchieMaster/routes/recipes.js:59:20","stringValue":"\"1\"","kind":"ObjectId","value":"1","path":"_id","reason":{},"valueType":"string","level":"error","timestamp":"2024-06-15T01:44:13.425Z"}
{"level":"info","message":"App is listening on port 3000","timestamp":"2024-06-15T01:44:30.001Z"}
{"level":"info","message":"Connected to mongodb://localhost/munchieMaster_test...","timestamp":"2024-06-15T01:44:30.023Z"}
{"message":"Cast to ObjectId failed for value \"1\" (type string) at path \"_id\" for model \"Recipe\"","stack":"CastError: Cast to ObjectId failed for value \"1\" (type string) at path \"_id\" for model \"Recipe\"\n    at SchemaObjectId.Object.<anonymous>.SchemaObjectId.cast (/Users/elimo/projects/munchieMaster/node_modules/mongoose/lib/schema/objectId.js:250:11)\n    at SchemaObjectId.Object.<anonymous>.SchemaType.applySetters (/Users/elimo/projects/munchieMaster/node_modules/mongoose/lib/schemaType.js:1236:12)\n    at SchemaObjectId.Object.<anonymous>.SchemaType.castForQuery (/Users/elimo/projects/munchieMaster/node_modules/mongoose/lib/schemaType.js:1653:17)\n    at cast (/Users/elimo/projects/munchieMaster/node_modules/mongoose/lib/cast.js:375:32)\n    at model.Query.Object.<anonymous>.Query.cast (/Users/elimo/projects/munchieMaster/node_modules/mongoose/lib/query.js:4785:12)\n    at model.Query.Object.<anonymous>.Query._castConditions (/Users/elimo/projects/munchieMaster/node_modules/mongoose/lib/query.js:2199:10)\n    at model.Query._findOne (/Users/elimo/projects/munchieMaster/node_modules/mongoose/lib/query.js:2513:8)\n    at model.Query.exec (/Users/elimo/projects/munchieMaster/node_modules/mongoose/lib/query.js:4329:80)\n    at processTicksAndRejections (node:internal/process/task_queues:96:5)\n    at /Users/elimo/projects/munchieMaster/routes/recipes.js:59:20","stringValue":"\"1\"","kind":"ObjectId","value":"1","path":"_id","reason":{},"valueType":"string","level":"error","timestamp":"2024-06-15T01:44:30.128Z"}
{"level":"info","message":"App is listening on port 3000","timestamp":"2024-06-15T01:49:19.819Z"}
{"level":"info","message":"Connected to mongodb://localhost/munchieMaster_test...","timestamp":"2024-06-15T01:49:19.853Z"}
{"level":"info","message":"App is listening on port 3000","timestamp":"2024-06-15T01:51:26.855Z"}
{"level":"info","message":"Connected to mongodb://localhost/munchieMaster_test...","timestamp":"2024-06-15T01:51:26.869Z"}
{"level":"info","message":"App is listening on port 3000","timestamp":"2024-06-15T01:53:17.033Z"}
{"level":"info","message":"Connected to mongodb://localhost/munchieMaster_test...","timestamp":"2024-06-15T01:53:17.068Z"}
{"level":"info","message":"App is listening on port 3000","timestamp":"2024-06-15T01:53:18.629Z"}
{"level":"info","message":"Connected to mongodb://localhost/munchieMaster_test...","timestamp":"2024-06-15T01:53:18.645Z"}
{"message":"Cast to ObjectId failed for value \"1\" (type string) at path \"_id\" for model \"Recipe\"","stack":"CastError: Cast to ObjectId failed for value \"1\" (type string) at path \"_id\" for model \"Recipe\"\n    at SchemaObjectId.Object.<anonymous>.SchemaObjectId.cast (/Users/elimo/projects/munchieMaster/node_modules/mongoose/lib/schema/objectId.js:250:11)\n    at SchemaObjectId.Object.<anonymous>.SchemaType.applySetters (/Users/elimo/projects/munchieMaster/node_modules/mongoose/lib/schemaType.js:1236:12)\n    at SchemaObjectId.Object.<anonymous>.SchemaType.castForQuery (/Users/elimo/projects/munchieMaster/node_modules/mongoose/lib/schemaType.js:1653:17)\n    at cast (/Users/elimo/projects/munchieMaster/node_modules/mongoose/lib/cast.js:375:32)\n    at model.Query.Object.<anonymous>.Query.cast (/Users/elimo/projects/munchieMaster/node_modules/mongoose/lib/query.js:4785:12)\n    at model.Query.Object.<anonymous>.Query._castConditions (/Users/elimo/projects/munchieMaster/node_modules/mongoose/lib/query.js:2199:10)\n    at model.Query._findOne (/Users/elimo/projects/munchieMaster/node_modules/mongoose/lib/query.js:2513:8)\n    at model.Query.exec (/Users/elimo/projects/munchieMaster/node_modules/mongoose/lib/query.js:4329:80)\n    at processTicksAndRejections (node:internal/process/task_queues:96:5)\n    at /Users/elimo/projects/munchieMaster/routes/recipes.js:60:20","stringValue":"\"1\"","kind":"ObjectId","value":"1","path":"_id","reason":{},"valueType":"string","level":"error","timestamp":"2024-06-15T01:53:18.716Z"}
{"level":"info","message":"App is listening on port 3000","timestamp":"2024-06-15T01:53:49.166Z"}
{"level":"info","message":"Connected to mongodb://localhost/munchieMaster_test...","timestamp":"2024-06-15T01:53:49.182Z"}
{"message":"Cast to ObjectId failed for value \"1\" (type string) at path \"_id\" for model \"Recipe\"","stack":"CastError: Cast to ObjectId failed for value \"1\" (type string) at path \"_id\" for model \"Recipe\"\n    at SchemaObjectId.Object.<anonymous>.SchemaObjectId.cast (/Users/elimo/projects/munchieMaster/node_modules/mongoose/lib/schema/objectId.js:250:11)\n    at SchemaObjectId.Object.<anonymous>.SchemaType.applySetters (/Users/elimo/projects/munchieMaster/node_modules/mongoose/lib/schemaType.js:1236:12)\n    at SchemaObjectId.Object.<anonymous>.SchemaType.castForQuery (/Users/elimo/projects/munchieMaster/node_modules/mongoose/lib/schemaType.js:1653:17)\n    at cast (/Users/elimo/projects/munchieMaster/node_modules/mongoose/lib/cast.js:375:32)\n    at model.Query.Object.<anonymous>.Query.cast (/Users/elimo/projects/munchieMaster/node_modules/mongoose/lib/query.js:4785:12)\n    at model.Query.Object.<anonymous>.Query._castConditions (/Users/elimo/projects/munchieMaster/node_modules/mongoose/lib/query.js:2199:10)\n    at model.Query._findOne (/Users/elimo/projects/munchieMaster/node_modules/mongoose/lib/query.js:2513:8)\n    at model.Query.exec (/Users/elimo/projects/munchieMaster/node_modules/mongoose/lib/query.js:4329:80)\n    at processTicksAndRejections (node:internal/process/task_queues:96:5)\n    at /Users/elimo/projects/munchieMaster/routes/recipes.js:60:20","stringValue":"\"1\"","kind":"ObjectId","value":"1","path":"_id","reason":{},"valueType":"string","level":"error","timestamp":"2024-06-15T01:53:49.258Z"}
{"level":"info","message":"App is listening on port 3000","timestamp":"2024-06-15T01:54:13.231Z"}
{"level":"info","message":"Connected to mongodb://localhost/munchieMaster_test...","timestamp":"2024-06-15T01:54:13.242Z"}
{"message":"Cast to ObjectId failed for value \"1\" (type string) at path \"_id\" for model \"Recipe\"","stack":"CastError: Cast to ObjectId failed for value \"1\" (type string) at path \"_id\" for model \"Recipe\"\n    at SchemaObjectId.Object.<anonymous>.SchemaObjectId.cast (/Users/elimo/projects/munchieMaster/node_modules/mongoose/lib/schema/objectId.js:250:11)\n    at SchemaObjectId.Object.<anonymous>.SchemaType.applySetters (/Users/elimo/projects/munchieMaster/node_modules/mongoose/lib/schemaType.js:1236:12)\n    at SchemaObjectId.Object.<anonymous>.SchemaType.castForQuery (/Users/elimo/projects/munchieMaster/node_modules/mongoose/lib/schemaType.js:1653:17)\n    at cast (/Users/elimo/projects/munchieMaster/node_modules/mongoose/lib/cast.js:375:32)\n    at model.Query.Object.<anonymous>.Query.cast (/Users/elimo/projects/munchieMaster/node_modules/mongoose/lib/query.js:4785:12)\n    at model.Query.Object.<anonymous>.Query._castConditions (/Users/elimo/projects/munchieMaster/node_modules/mongoose/lib/query.js:2199:10)\n    at model.Query._findOne (/Users/elimo/projects/munchieMaster/node_modules/mongoose/lib/query.js:2513:8)\n    at model.Query.exec (/Users/elimo/projects/munchieMaster/node_modules/mongoose/lib/query.js:4329:80)\n    at processTicksAndRejections (node:internal/process/task_queues:96:5)\n    at /Users/elimo/projects/munchieMaster/routes/recipes.js:60:20","stringValue":"\"1\"","kind":"ObjectId","value":"1","path":"_id","reason":{},"valueType":"string","level":"error","timestamp":"2024-06-15T01:54:13.315Z"}
{"level":"info","message":"App is listening on port 3000","timestamp":"2024-06-15T01:54:55.766Z"}
{"level":"info","message":"Connected to mongodb://localhost/munchieMaster_test...","timestamp":"2024-06-15T01:54:55.783Z"}
{"message":"Cast to ObjectId failed for value \"1\" (type string) at path \"_id\" for model \"Recipe\"","stack":"CastError: Cast to ObjectId failed for value \"1\" (type string) at path \"_id\" for model \"Recipe\"\n    at SchemaObjectId.Object.<anonymous>.SchemaObjectId.cast (/Users/elimo/projects/munchieMaster/node_modules/mongoose/lib/schema/objectId.js:250:11)\n    at SchemaObjectId.Object.<anonymous>.SchemaType.applySetters (/Users/elimo/projects/munchieMaster/node_modules/mongoose/lib/schemaType.js:1236:12)\n    at SchemaObjectId.Object.<anonymous>.SchemaType.castForQuery (/Users/elimo/projects/munchieMaster/node_modules/mongoose/lib/schemaType.js:1653:17)\n    at cast (/Users/elimo/projects/munchieMaster/node_modules/mongoose/lib/cast.js:375:32)\n    at model.Query.Object.<anonymous>.Query.cast (/Users/elimo/projects/munchieMaster/node_modules/mongoose/lib/query.js:4785:12)\n    at model.Query.Object.<anonymous>.Query._castConditions (/Users/elimo/projects/munchieMaster/node_modules/mongoose/lib/query.js:2199:10)\n    at model.Query._findOne (/Users/elimo/projects/munchieMaster/node_modules/mongoose/lib/query.js:2513:8)\n    at model.Query.exec (/Users/elimo/projects/munchieMaster/node_modules/mongoose/lib/query.js:4329:80)\n    at processTicksAndRejections (node:internal/process/task_queues:96:5)\n    at /Users/elimo/projects/munchieMaster/routes/recipes.js:61:20","stringValue":"\"1\"","kind":"ObjectId","value":"1","path":"_id","reason":{},"valueType":"string","level":"error","timestamp":"2024-06-15T01:54:55.849Z"}
{"level":"info","message":"App is listening on port 3000","timestamp":"2024-06-15T01:55:36.196Z"}
{"level":"info","message":"Connected to mongodb://localhost/munchieMaster_test...","timestamp":"2024-06-15T01:55:36.213Z"}
{"level":"info","message":"App is listening on port 3000","timestamp":"2024-06-15T02:00:37.175Z"}
{"level":"info","message":"Connected to mongodb://localhost/munchieMaster_test...","timestamp":"2024-06-15T02:00:37.201Z"}
